
> @pr-tools/docs@0.0.0 build
> vite build

vite v8.0.3 building client environment for production...
[MDX] generated files in 1.4254040000000714ms
[2Ktransforming...✓ 2299 modules transformed.
rendering chunks...
computing gzip size...
dist/client/assets/main-v2dWtezy.css                       77.16 kB │ gzip:  12.89 kB
dist/client/assets/routes-D_keebnz.js                       0.03 kB │ gzip:   0.05 kB
dist/client/assets/remove-undefined-PK1FA5gc-BCErWuIC.js    0.20 kB │ gzip:   0.16 kB
dist/client/assets/fetch-BUhSuOyI.js                        0.44 kB │ gzip:   0.29 kB
dist/client/assets/chunk-DECur_0Z.js                        0.68 kB │ gzip:   0.41 kB
dist/client/assets/algolia-CJjpGR08.js                      0.77 kB │ gzip:   0.49 kB
dist/client/assets/_-CcJ-4X9k.js                            0.85 kB │ gzip:   0.49 kB
dist/client/assets/search-yF0-J4ZN.js                       0.99 kB │ gzip:   0.53 kB
dist/client/assets/orama-cloud-legacy-Dng6DmYe.js           1.11 kB │ gzip:   0.58 kB
dist/client/assets/orama-cloud-BCTcAeF6.js                  1.17 kB │ gzip:   0.60 kB
dist/client/assets/changelog-DCrGTTpi.js                    2.76 kB │ gzip:   1.11 kB
dist/client/assets/introduction-BpejAJzc.js                 8.97 kB │ gzip:   2.15 kB
dist/client/assets/mixedbread-C1pMBR6L.js                  11.94 kB │ gzip:   5.37 kB
dist/client/assets/quickstart-Bwomotsz.js                  13.50 kB │ gzip:   2.83 kB
dist/client/assets/markdown-rendering-AdcKEOr9.js          14.09 kB │ gzip:   2.28 kB
dist/client/assets/azure-devops-1bVvs-Ci.js                14.79 kB │ gzip:   3.22 kB
dist/client/assets/installation-Clfj4Rad.js                15.97 kB │ gzip:   2.65 kB
dist/client/assets/environment-variables-Bl8cr1u1.js       16.05 kB │ gzip:   2.68 kB
dist/client/assets/ai-providers-B6WqeUiw.js                20.06 kB │ gzip:   2.97 kB
dist/client/assets/create-test-card-BTETwicq.js            20.55 kB │ gzip:   3.72 kB
dist/client/assets/create-pr-description-fHAQi20O.js       21.26 kB │ gzip:   3.69 kB
dist/client/assets/configuration-BHE3KtY-.js               21.51 kB │ gzip:   3.24 kB
dist/client/assets/advanced-examples-C1aJ96Ur.js           22.43 kB │ gzip:   2.55 kB
dist/client/assets/troubleshooting-xqCEwuUc.js             24.24 kB │ gzip:   3.34 kB
dist/client/assets/orama-static-DnIGutd6.js                62.73 kB │ gzip:  21.59 kB
dist/client/assets/remark-CQG0ed47.js                      89.89 kB │ gzip:  25.74 kB
dist/client/assets/search-default-ZiXaYwg4.js             228.34 kB │ gzip:  70.66 kB
dist/client/assets/main-99FpiJTi.js                       500.64 kB │ gzip: 160.38 kB

✓ built in 1.15s
[plugin builtin:vite-reporter] 
(!) Some chunks are larger than 500 kB after minification. Consider:
- Using dynamic import() to code-split the application
- Use build.rolldownOptions.output.codeSplitting to improve chunking: https://rolldown.rs/reference/OutputOptions.codeSplitting
- Adjust chunk size limit for this warning via build.chunkSizeWarningLimit.
vite v8.0.3 building ssr environment for production...
[MDX] generated files in 1.0227629999999408ms
[2Ktransforming...✓ 2282 modules transformed.
rendering chunks...
computing gzip size...
dist/server/assets/routes-xhOlaFN9.js                                 0.13 kB │ gzip:   0.12 kB
dist/server/assets/changelog-BLN68lQ0.js                              0.17 kB │ gzip:   0.14 kB
dist/server/assets/quickstart-7dJ1Phkv.js                             0.17 kB │ gzip:   0.14 kB
dist/server/assets/ai-providers-5laff6Wd.js                           0.17 kB │ gzip:   0.14 kB
dist/server/assets/azure-devops-B3pU5OlC.js                           0.17 kB │ gzip:   0.14 kB
dist/server/assets/installation-CeMZ-z3m.js                           0.17 kB │ gzip:   0.14 kB
dist/server/assets/introduction-o4rTVVT6.js                           0.17 kB │ gzip:   0.14 kB
dist/server/assets/configuration-BpmLgDo0.js                          0.18 kB │ gzip:   0.14 kB
dist/server/assets/troubleshooting-BcFSbxU_.js                        0.18 kB │ gzip:   0.14 kB
dist/server/assets/create-test-card-CRBYi8XN.js                       0.18 kB │ gzip:   0.14 kB
dist/server/assets/advanced-examples-D9eziscJ.js                      0.18 kB │ gzip:   0.14 kB
dist/server/assets/markdown-rendering-D2KrbfQP.js                     0.18 kB │ gzip:   0.14 kB
dist/server/assets/create-pr-description-Beq7sOvg.js                  0.18 kB │ gzip:   0.15 kB
dist/server/assets/environment-variables-BbneiQx0.js                  0.18 kB │ gzip:   0.14 kB
dist/server/assets/start-Ci6gC6Bj.js                                  0.21 kB │ gzip:   0.17 kB
dist/server/assets/remove-undefined-PK1FA5gc-BVpqg2de.js              0.57 kB │ gzip:   0.33 kB
dist/server/assets/fetch-B4TOEvk3.js                                  0.87 kB │ gzip:   0.49 kB
dist/server/assets/__tanstack-start-server-fn-resolver-B2ytRxM9.js    0.88 kB │ gzip:   0.44 kB
dist/server/assets/_tanstack-start-manifest_v-CV34cshm.js             0.90 kB │ gzip:   0.42 kB
dist/server/assets/chunk-BoAXSpZd-Ck8MQGfG.js                         1.22 kB │ gzip:   0.62 kB
dist/server/assets/_-FbrGZ76y.js                                      1.25 kB │ gzip:   0.65 kB
dist/server/assets/chunk-BnRpC7BT.js                                  1.39 kB │ gzip:   0.66 kB
dist/server/assets/algolia-CpOp6byv.js                                1.53 kB │ gzip:   0.76 kB
dist/server/assets/orama-static-BFkRcPFU.js                           1.81 kB │ gzip:   0.87 kB
dist/server/assets/_-BDB-QwbT.js                                      1.86 kB │ gzip:   0.89 kB
dist/server/assets/search-Dze2EcK8.js                                 1.95 kB │ gzip:   0.82 kB
dist/server/assets/orama-cloud-legacy-D6RWSm78.js                     2.25 kB │ gzip:   0.88 kB
dist/server/assets/orama-cloud-D8WjQj_b.js                            2.31 kB │ gzip:   0.90 kB
dist/server/assets/utils-6GexS7iX-BOechpKz.js                         2.46 kB │ gzip:   1.04 kB
dist/server/assets/changelog-r_5j2WBD.js                              3.82 kB │ gzip:   1.41 kB
dist/server/assets/introduction-BXUAef-A.js                          11.38 kB │ gzip:   2.50 kB
dist/server/assets/createServerFn-BcZXjKrH.js                        14.17 kB │ gzip:   4.26 kB
dist/server/assets/mixedbread-Xoq2C36t.js                            15.12 kB │ gzip:   6.23 kB
dist/server/assets/quickstart-CHmilWVk.js                            17.98 kB │ gzip:   3.33 kB
dist/server/assets/azure-devops-CeSTd9ap.js                          18.67 kB │ gzip:   3.70 kB
dist/server/assets/markdown-rendering-C6nSQC4A.js                    19.95 kB │ gzip:   2.99 kB
dist/server/assets/installation-D69v38zo.js                          21.29 kB │ gzip:   3.14 kB
dist/server/assets/environment-variables-CyTfS6ab.js                 22.49 kB │ gzip:   3.15 kB
dist/server/assets/router-C26rE64s.js                                22.79 kB │ gzip:   5.82 kB
dist/server/assets/ai-providers-DUFSBVpZ.js                          27.53 kB │ gzip:   3.44 kB
dist/server/assets/source-Fkm7Id2x.js                                27.59 kB │ gzip:   7.95 kB
dist/server/assets/create-test-card-DP8Fjo2v.js                      27.82 kB │ gzip:   4.24 kB
dist/server/assets/create-pr-description-B_GjVT22.js                 29.06 kB │ gzip:   4.25 kB
dist/server/assets/configuration-DHVRyOIV.js                         29.51 kB │ gzip:   3.84 kB
dist/server/assets/advanced-examples-BPYLDwyp.js                     29.63 kB │ gzip:   3.10 kB
dist/server/assets/troubleshooting-BeXOQ8Q-.js                       32.42 kB │ gzip:   3.88 kB
dist/server/assets/advanced-B6xijHpk-CmpuL_sf.js                    126.14 kB │ gzip:  30.37 kB
dist/server/assets/search-BxSWEghW.js                               139.24 kB │ gzip:  33.48 kB
dist/server/server.js                                               145.08 kB │ gzip:  36.24 kB
dist/server/assets/_-DVXmuDpj.js                                    229.72 kB │ gzip:  53.93 kB
dist/server/assets/remark-E9LskTy4.js                               383.58 kB │ gzip:  81.30 kB
dist/server/assets/search-default-rnWTPS6z.js                       433.23 kB │ gzip: 102.72 kB

✓ built in 580ms
